tess-two/build/outputs/logs/manifest-merger-debug-report.txt
-- Merging decision tree log ---
manifest
ADDED from expense-tracker/tess-two/AndroidManifest.xml:17:1-25:12
INJECTED from expense-tracker/tess-two/AndroidManifest.xml:17:1-25:12
INJECTED from expense-tracker/tess-two/AndroidManifest.xml:17:1-25:12
INJECTED from expense-tracker/tess-two/AndroidManifest.xml:17:1-25:12
INJECTED from expense-tracker/tess-two/AndroidManifest.xml:17:1-25:12
INJECTED from expense-tracker/tess-two/AndroidManifest.xml:17:1-25:12
INJECTED from expense-tracker/tess-two/AndroidManifest.xml:17:1-25:12
	package
		ADDED from expense-tracker/tess-two/AndroidManifest.xml:18:5-47
		INJECTED from expense-tracker/tess-two/AndroidManifest.xml
		INJECTED from expense-tracker/tess-two/AndroidManifest.xml
	android:versionName
		ADDED from expense-tracker/tess-two/AndroidManifest.xml:20:5-30
		INJECTED from expense-tracker/tess-two/AndroidManifest.xml
		INJECTED from expense-tracker/tess-two/AndroidManifest.xml
	xmlns:android
		ADDED from expense-tracker/tess-two/AndroidManifest.xml:17:11-69
	android:versionCode
		ADDED from expense-tracker/tess-two/AndroidManifest.xml:19:5-28
		INJECTED from expense-tracker/tess-two/AndroidManifest.xml
		INJECTED from expense-tracker/tess-two/AndroidManifest.xml
uses-permission#android.permission.WRITE_EXTERNAL_STORAGE
ADDED from expense-tracker/tess-two/AndroidManifest.xml:21:5-81
	android:name
		ADDED from expense-tracker/tess-two/AndroidManifest.xml:21:22-78
uses-permission#android.permission.READ_EXTERNAL_STORAGE
ADDED from expense-tracker/tess-two/AndroidManifest.xml:22:5-80
	android:name
		ADDED from expense-tracker/tess-two/AndroidManifest.xml:22:22-77
uses-permission#android.permission.INTERNET
ADDED from expense-tracker/tess-two/AndroidManifest.xml:23:5-66
	android:name
		ADDED from expense-tracker/tess-two/AndroidManifest.xml:23:22-64
uses-sdk
INJECTED from expense-tracker/tess-two/AndroidManifest.xml reason: use-sdk injection requested
INJECTED from expense-tracker/tess-two/AndroidManifest.xml
INJECTED from expense-tracker/tess-two/AndroidManifest.xml
INJECTED from expense-tracker/tess-two/AndroidManifest.xml
INJECTED from expense-tracker/tess-two/AndroidManifest.xml
	android:targetSdkVersion
		INJECTED from expense-tracker/tess-two/AndroidManifest.xml
		ADDED from expense-tracker/tess-two/AndroidManifest.xml
		INJECTED from expense-tracker/tess-two/AndroidManifest.xml
	android:minSdkVersion
		INJECTED from expense-tracker/tess-two/AndroidManifest.xml
		ADDED from expense-tracker/tess-two/AndroidManifest.xml
		INJECTED from expense-tracker/tess-two/AndroidManifest.xml